Arguments: 
  /usr/bin/node /usr/bin/yarn install --modules-folder ./_assets/yarn

PATH: 
  /usr/lib/node_modules/npm/node_modules/npm-lifecycle/node-gyp-bin:/home/circleci/project/node_modules/.bin:/usr/local/bundle/bin:/usr/local/bundle/gems/bin:/usr/local/sbin:/usr/local/bin:/usr/sbin:/usr/bin:/sbin:/bin

Yarn version: 
  1.21.1

Node version: 
  10.18.0

Platform: 
  linux x64

Trace: 
  Error: EACCES: permission denied, unlink '/home/circleci/project/_assets/yarn/.yarn-integrity'

npm manifest: 
  {
    "name": "chalk",
    "scripts": {
      "setup": "bin/setup",
      "local": "bundle exec jekyll serve --drafts",
      "publish": "bin/deploy"
    },
    "dependencies": {
      "jquery": "^3.2.1",
      "npm": "^6.0.1",
      "retinajs": "^2.1.1",
      "svgxuse": "^1.2.4",
      "webfontloader": "^1.6.28",
      "zooming": "^2.0.0"
    }
  }

yarn manifest: 
  No manifest

Lockfile: 
  No lockfile
